<?xml version="1.0" encoding="UTF-8"?>
<!-- Generated by org.testng.reporters.JUnitReportReporter -->
<testsuite hostname="DESKTOP-BDCU2EV" failures="0" tests="1" name="TestCases.TC01_Add_Skills" time="16.154" errors="0" timestamp="2022-06-27T10:01:48 IST" skipped="0">
  <testcase classname="TestCases.TC01_Add_Skills" name="Test1_Nationality" time="16.154"/>
  <system-out/>
</testsuite> <!-- TestCases.TC01_Add_Skills -->
